0 info it worked if it ends with ok
1 verbose cli [ '/usr/bin/node', '/usr/bin/npm', 'publish' ]
2 info using npm@3.5.2
3 info using node@v8.10.0
4 verbose publish [ '.' ]
5 silly cache add args [ '.', null ]
6 verbose cache add spec .
7 silly cache add parsed spec Result {
7 silly cache add   raw: '.',
7 silly cache add   scope: null,
7 silly cache add   name: null,
7 silly cache add   rawSpec: '.',
7 silly cache add   spec: '/opt/JS/ES2XML',
7 silly cache add   type: 'directory' }
8 verbose addLocalDirectory /root/.npm/es2xml/1.0.38/package.tgz not in flight; packing
9 info lifecycle es2xml@1.0.38~prepublish: es2xml@1.0.38
10 silly lifecycle es2xml@1.0.38~prepublish: no script for prepublish, continuing
11 verbose tar pack [ '/root/.npm/es2xml/1.0.38/package.tgz', '/opt/JS/ES2XML' ]
12 verbose tarball /root/.npm/es2xml/1.0.38/package.tgz
13 verbose folder /opt/JS/ES2XML
14 verbose addLocalTarball adding from inside cache /root/.npm/es2xml/1.0.38/package.tgz
15 silly cache afterAdd es2xml@1.0.38
16 verbose afterAdd /root/.npm/es2xml/1.0.38/package/package.json not in flight; writing
17 verbose afterAdd /root/.npm/es2xml/1.0.38/package/package.json written
18 silly publish { name: 'es2xml',
18 silly publish   version: '1.0.38',
18 silly publish   description: 'convert AST generated by acorn to XML and flatten AST to matrix',
18 silly publish   main: 'index.js',
18 silly publish   scripts: { test: 'echo "Error: no test specified" && exit 1' },
18 silly publish   repository:
18 silly publish    { type: 'git',
18 silly publish      url: 'git+https://github.com/ihgazni2/es2xml.git' },
18 silly publish   keywords: [ 'estree', 'xml', 'estree2xml', 'flatten' ],
18 silly publish   author: { name: 'ihgazni2010@hotmail.com' },
18 silly publish   bin: { e2x: './bin.js', e2chain: './bin2.js' },
18 silly publish   license: 'MIT',
18 silly publish   bugs: { url: 'https://github.com/ihgazni2/es2xml/issues' },
18 silly publish   homepage: 'https://github.com/ihgazni2/es2xml#readme',
18 silly publish   dependencies: { elist: '>=1.0.5', exdict: '>=1.0.0', escodegen: '>=0.0.0' },
18 silly publish   readme: '# es2xml\n>__convert AST generated by acorn to XML and flatten AST to matrix__\n\n# Install\n\n>__npm install es2xml__\n\n\n## Usage\n-------------------------------------------------------\n### cmdline\n\n        npm install es2xml -g\n        \n        # ls -l | egrep axios.min.js\n        -rw-r--r-- 1 root root  12941 Feb 19  2018 axios.min.js\n\n        e2x axios.min.js axios.min.xml "es-"\n\n        # ls -l\n        -rw-r--r-- 1 root root  12941 Feb 19  2018 axios.min.js\n        -rw-r--r-- 1 root root 693231 Apr 30 23:56 axios.min.xml\n\n        vim axios.min.xml\n        \n        <es-root>\n          <es-body>\n            <es-0 type="ExpressionStatement">\n              <es-expression type="UnaryExpression" operator="%21" prefix="true">\n                <es-argument type="CallExpression">\n                  <es-callee type="FunctionExpression" expression="false" generator="false" async="false">\n                    <es-params>\n                      <es-0 type="Identifier" name="e">\n                      </es-0>\n                      <es-1 type="Identifier" name="t">\n                      </es-1>\n                    </es-params>\n                    ......\n\n        \n        \n        \n\n\n### code\n\n        var e2x = require("es2xml")\n        var acorn = require("acorn")\n        var code = `function isNewLine(code, ecma2019String) {\n          return code === 10 || code === 13 || !ecma2019String && (code === 0x2028 || code === 0x2029);\n        }`\n        var ast = acorn.parse(code)\n        \n__1. e2x.xml(ast)__  \n        \n        #tag-prefix = ""\n        console.log(e2x.xml(ast,"")) \n__2. search the AST using css selector__\n\n        var cheerio =require(\'cheerio\')\n        var code = e2x.xml(ast)\n        var $ = cheerio.load(code,{xmlMode:true})\n        $("[type=Identifier]").length\n        $("[type=Identifier]")[0].attribs\n        $("[type=Identifier]")[1].attribs\n        $("[type=Identifier]")[2].attribs\n        $("[type=BinaryExpression]")[0].attribs.operator\n        //according to estree spec , some special-chars-not-allowed-in-html exist, so need escape/unescape\n        unescape($("[type=BinaryExpression]")[0].attribs.operator)\n        \n__3. flatten and traverse the AST__\n\n        //acorn-walk use sax-like-way to traverse the AST\n        //and too many recursive functions in it, its hard to read\n        //sometimes, its not convient for me to copy and resue the code\n        //so i use a matrix to store it,make everything F-L-A-T and C-L-E-A-R\n        //dfs is depth-first-search-path-record\n        //wfs is width-first-search-path-record\n        var mat = e2x.esmat(ast)\n        var pldfs = e2x.pldfs(mat)\n        var attrdfs = e2x.attrdfs(mat)\n        var locdfs = e2x.locdfs(mat)\n        var plwfs = e2x.plwfs(mat)\n        var locwfs = e2x.locwfs(mat)\n\n\n        \n-------------------------------------------------------\n\n## Doc \n-------------------------------------------------------\n\nIn Progressing...\n        \n\n        \n\n-------------------------------------------------------\n\n\n## STANDARDS\n\n_(The ESTree Spec)_\n\n---------------------------------------------------------------------------------------\n[The ESTree Spec](https://github.com/estree/estree)  \n\n---------------------------------------------------------------------------------------\n\n## PACKAGE DEPENDANY\n\n---------------------------------------------------------\n[elist](https://www.npmjs.com/package/elist)\n\n----------------------------------------------------------\n\n## CODE REFERENCE\n_(thanks to)_\n\n------------------------------------------------------------------\n[1. acorn-walk](https://github.com/acornjs/acorn/tree/master/acorn-walk)  \n\n--------------------------------------------------------------------\n\n\n----------------------------------------\n\n\n## USEAGE SCREENSHOOTS\n\n----------------------------------------------\n\n        var e2x = require("es2xml")\n        var acorn = require("acorn")\n        var code = `function isNewLine(code, ecma2019String) {\n          return code === 10 || code === 13 || !ecma2019String && (code === 0x2028 || code === 0x2029);\n        }`\n        var ast = acorn.parse(code)\n       \n\n![](/Images/e2x.xml.0.PNG)\n![](/Images/e2x.xml.1.PNG)\n\n        var cheerio =require(\'cheerio\')\n        var code = e2x.xml(ast)\n        var $ = cheerio.load(code,{xmlMode:true})\n        $("[type=Identifier]").length\n        $("[type=Identifier]")[0].attribs\n        $("[type=Identifier]")[1].attribs\n        $("[type=Identifier]")[2].attribs\n        $("[type=BinaryExpression]")[0].attribs.operator\n        unescape($("[type=BinaryExpression]")[0].attribs.operator)\n        \n        \n        \n![](/Images/cheerio.0.png)  \n\n        var mat = e2x.esmat(ast)\n        var pldfs = e2x.pldfs(mat)\n\n![](/Images/pldfs.0.png) \n\n        var attrdfs = e2x.attrdfs(mat)\n        \n![](/Images/attrdfs.0.png)\n\n        var locdfs = e2x.locdfs(mat)\n        \n![](/Images/locdfs.0.png)\n\n        var plwfs = e2x.plwfs(mat)\n\n![](/Images/plwfs.0.png)\n\n        var locwfs = e2x.locwfs(mat)        \n\n![](/Images/locwfs.0.png)\n\n\n----------------------------------------------\n\n\n## TODO\n-----------------------------------------------\n__1.xml2es__<br>\n__2.doc__<br>\n\n-----------------------------------------------\n\n',
18 silly publish   readmeFilename: 'README.md',
18 silly publish   gitHead: '85e0cd9980ce47a05d7e7765899e13e6eb028fc1',
18 silly publish   _id: 'es2xml@1.0.38',
18 silly publish   _shasum: '6b2a8bcbbbb994fc6c46b32b2296beba8bb48926',
18 silly publish   _from: '.' }
19 verbose getPublishConfig undefined
20 silly mapToRegistry name es2xml
21 silly mapToRegistry using default registry
22 silly mapToRegistry registry http://registry.npmjs.org/
23 silly mapToRegistry uri http://registry.npmjs.org/es2xml
24 verbose publish registryBase http://registry.npmjs.org/
25 silly publish uploading /root/.npm/es2xml/1.0.38/package.tgz
26 verbose request uri http://registry.npmjs.org/es2xml
27 verbose request sending authorization for write operation
28 info attempt registry request try #1 at 1:15:23 AM
29 verbose request using bearer token for auth
30 verbose request id 2b1029b1aef271e8
31 http request PUT http://registry.npmjs.org/es2xml
32 http 403 http://registry.npmjs.org/es2xml
33 verbose headers { date: 'Thu, 02 May 2019 01:15:26 GMT',
33 verbose headers   'content-type': 'application/json',
33 verbose headers   'transfer-encoding': 'chunked',
33 verbose headers   connection: 'keep-alive',
33 verbose headers   'set-cookie':
33 verbose headers    [ '__cfduid=dd6d79a1fd44f1c2d52643d7b67b40ab31556759724; expires=Fri, 01-May-20 01:15:24 GMT; path=/; domain=.registry.npmjs.org; HttpOnly' ],
33 verbose headers   'cf-ray': '4d0624d50834d356-LAX',
33 verbose headers   'expect-ct': 'max-age=604800, report-uri="https://report-uri.cloudflare.com/cdn-cgi/beacon/expect-ct"',
33 verbose headers   vary: 'Accept-Encoding',
33 verbose headers   server: 'cloudflare',
33 verbose headers   'content-encoding': 'gzip' }
34 verbose request invalidating /root/.npm/registry.npmjs.org/es2xml on PUT
35 error publish Failed PUT 403
36 verbose stack Error: You cannot publish over the previously published versions: 1.0.38. : es2xml
36 verbose stack     at makeError (/usr/share/npm/node_modules/npm-registry-client/lib/request.js:264:12)
36 verbose stack     at CachingRegistryClient.<anonymous> (/usr/share/npm/node_modules/npm-registry-client/lib/request.js:252:14)
36 verbose stack     at /usr/share/npm/node_modules/npm-registry-client/lib/request.js:178:7
36 verbose stack     at Gunzip.onEnd (zlib.js:131:5)
36 verbose stack     at emitNone (events.js:111:20)
36 verbose stack     at Gunzip.emit (events.js:208:7)
36 verbose stack     at endReadableNT (_stream_readable.js:1064:12)
36 verbose stack     at _combinedTickCallback (internal/process/next_tick.js:138:11)
36 verbose stack     at process._tickCallback (internal/process/next_tick.js:180:9)
37 verbose statusCode 403
38 verbose pkgid es2xml
39 verbose cwd /opt/JS/ES2XML
40 error Linux 4.15.0-47-generic
41 error argv "/usr/bin/node" "/usr/bin/npm" "publish"
42 error node v8.10.0
43 error npm  v3.5.2
44 error code E403
45 error You cannot publish over the previously published versions: 1.0.38. : es2xml
46 error If you need help, you may report this error at:
46 error     <https://github.com/npm/npm/issues>
47 verbose exit [ 1, true ]
